<?xml version="1.0" encoding="UTF-8"?>
<testsuite name="openclose.ProductionPlantProcessTest" tests="5" skipped="0" failures="0" errors="0" timestamp="2020-12-22T13:23:51" hostname="PVID77CFXT2" time="0.023">
  <properties/>
  <testcase name="buildingHandMethod()" classname="openclose.ProductionPlantProcessTest" time="0.01"/>
  <testcase name="getTotalBuffersV1()" classname="openclose.ProductionPlantProcessTest" time="0.003"/>
  <testcase name="getTotalBuffersV2()" classname="openclose.ProductionPlantProcessTest" time="0.004"/>
  <testcase name="buildingAutoMethod()" classname="openclose.ProductionPlantProcessTest" time="0.001"/>
  <testcase name="buildingMethodV1()" classname="openclose.ProductionPlantProcessTest" time="0.002"/>
  <system-out><![CDATA[]]></system-out>
  <system-err><![CDATA[]]></system-err>
</testsuite>
