<?xml version="1.0" encoding="UTF-8"?>
<testsuite name="openclose.ProductionPlantProcessTest" tests="2" skipped="0" failures="0" errors="0" timestamp="2020-12-22T00:35:26" hostname="PVID77CFXT2" time="0.014">
  <properties/>
  <testcase name="getTotalBuffersV1()" classname="openclose.ProductionPlantProcessTest" time="0.009"/>
  <testcase name="getTotalBuffersV2()" classname="openclose.ProductionPlantProcessTest" time="0.004"/>
  <system-out><![CDATA[]]></system-out>
  <system-err><![CDATA[]]></system-err>
</testsuite>
