<?xml version="1.0" encoding="UTF-8"?>
<testsuite name="openclose.ProductionPlantProcessTest" tests="1" skipped="0" failures="0" errors="0" timestamp="2020-12-21T23:28:56" hostname="PVID77CFXT2" time="0.011">
  <properties/>
  <testcase name="calculateRealBufferTest()" classname="openclose.ProductionPlantProcessTest" time="0.011"/>
  <system-out><![CDATA[]]></system-out>
  <system-err><![CDATA[]]></system-err>
</testsuite>
